[uithemez.com/i/hubfolio_HTML/inner_pages/portfolio-cards.html]
[backblue.gif]
[fade.gif]
[index.html]
[uithemez.com/i/hubfolio_HTML/inner_pages/assets/imgs/favicon.ico]
[uithemez.com/i/hubfolio_HTML/common/css/plugins.css]
[uithemez.com/i/hubfolio_HTML/common/css/common_style.css]
[uithemez.com/i/hubfolio_HTML/inner_pages/assets/css/inner_pages.css]
[uithemez.com/i/hubfolio_HTML/inner_pages/assets/imgs/Logo-light.svg]
[uithemez.com/i/hubfolio_HTML/inner_pages/about.html]
[uithemez.com/i/hubfolio_HTML/inner_pages/blog-grid.html]
[uithemez.com/i/hubfolio_HTML/inner_pages/contact.html]
[uithemez.com/i/hubfolio_HTML/inner_pages/services.html]
[uithemez.com/i/hubfolio_HTML/inner_pages/service-details.html]
[uithemez.com/i/hubfolio_HTML/inner_pages/team.html]
[uithemez.com/i/hubfolio_HTML/inner_pages/pricing.html]
[uithemez.com/i/hubfolio_HTML/inner_pages/faqs.html]
[uithemez.com/i/hubfolio_HTML/inner_pages/portfolio-standard.html]
[uithemez.com/i/hubfolio_HTML/inner_pages/portfolio-gallery.html]
[uithemez.com/i/hubfolio_HTML/inner_pages/portfolio-layout2.html]
[uithemez.com/i/hubfolio_HTML/inner_pages/portfolio-layout3.html]
[uithemez.com/i/hubfolio_HTML/inner_pages/portfolio-layout4.html]
[uithemez.com/i/hubfolio_HTML/inner_pages/project-details.html]
[uithemez.com/i/hubfolio_HTML/inner_pages/blog-standard.html]
[uithemez.com/i/hubfolio_HTML/inner_pages/blog-details.html]
[uithemez.com/i/hubfolio_HTML/inner_pages/assets/imgs/portfolio/works3/1.jpg]
[uithemez.com/i/hubfolio_HTML/inner_pages/assets/imgs/portfolio/works3/2.jpg]
[uithemez.com/i/hubfolio_HTML/inner_pages/assets/imgs/portfolio/works3/3.jpg]
[uithemez.com/i/hubfolio_HTML/inner_pages/assets/imgs/portfolio/works3/4.jpg]
[uithemez.com/i/hubfolio_HTML/common/js/lib/jquery-3.6.0.min.js]
[uithemez.com/i/hubfolio_HTML/common/js/lib/jquery-migrate-3.4.0.min.js]
[uithemez.com/i/hubfolio_HTML/common/js/lib/plugins.js]
[uithemez.com/i/hubfolio_HTML/common/js/gsap_lib/gsap.min.js]
[uithemez.com/i/hubfolio_HTML/common/js/gsap_lib/ScrollSmoother.min.js]
[uithemez.com/i/hubfolio_HTML/common/js/gsap_lib/ScrollTrigger.min.js]
[uithemez.com/i/hubfolio_HTML/common/js/gsap_lib/SplitText.min.js]
[uithemez.com/i/hubfolio_HTML/common/js/gsap_lib/matter.js]
[uithemez.com/i/hubfolio_HTML/common/js/gsap_lib/throwable.js]
[uithemez.com/i/hubfolio_HTML/common/js/common_scripts.js]
[uithemez.com/i/hubfolio_HTML/inner_pages/portfolio-cards.html]
[uithemez.com/i/hubfolio_HTML/inner_pages/assets/js/inner_pages.js]
[uithemez.com/i/hubfolio_HTML/common/css/plugins/bootstrap.min.css]
[uithemez.com/i/hubfolio_HTML/common/css/plugins/animate.min.css]
[uithemez.com/i/hubfolio_HTML/common/css/plugins/themify-icons.css]
[uithemez.com/i/hubfolio_HTML/common/css/plugins/pe-icon-7-stroke.css]
[uithemez.com/i/hubfolio_HTML/common/css/plugins/fontawesome-all.min.css]
[uithemez.com/i/hubfolio_HTML/common/css/plugins/justifiedGallery.min.css]
[uithemez.com/i/hubfolio_HTML/common/css/plugins/magnific-popup.css]
[uithemez.com/i/hubfolio_HTML/common/css/plugins/YouTubePopUp.css]
[uithemez.com/i/hubfolio_HTML/common/css/plugins.css]
[uithemez.com/i/hubfolio_HTML/common/css/plugins/swiper.min.css]
[uithemez.com/i/hubfolio_HTML/common/imgs/menu-shape.png]
[uithemez.com/i/hubfolio_HTML/common/css/common_style.css]
[uithemez.com/i/hubfolio_HTML/inner_pages/assets/imgs/plus-solid.svg]
[uithemez.com/i/hubfolio_HTML/inner_pages/assets/css/inner_pages.css]
[uithemez.com/i/hubfolio_HTML/inner_pages/assets/imgs/Logo-light.svg]
[uithemez.com/i/hubfolio_HTML/inner_pages/assets/imgs/minus-solid.svg]
[uithemez.com/i/hubfolio_HTML/inner_pages/assets/imgs/about/header/1.jpg]
[uithemez.com/i/hubfolio_HTML/inner_pages/assets/imgs/about/intro1.jpg]
[uithemez.com/i/hubfolio_HTML/inner_pages/assets/imgs/about/team/1.png]
[uithemez.com/i/hubfolio_HTML/inner_pages/assets/imgs/about/team/2.png]
[uithemez.com/i/hubfolio_HTML/inner_pages/assets/imgs/about/team/3.png]
[uithemez.com/i/hubfolio_HTML/inner_pages/assets/imgs/about/team/4.png]
[uithemez.com/i/hubfolio_HTML/inner_pages/assets/imgs/about/testim/Vector_Cricle_Text.svg]
[uithemez.com/i/hubfolio_HTML/inner_pages/assets/imgs/about/testim/vector_quote.svg]
[uithemez.com/i/hubfolio_HTML/inner_pages/assets/imgs/about/testim/avatar1.jpg]
[uithemez.com/i/hubfolio_HTML/inner_pages/assets/imgs/about/testim/avatar2.jpg]
[uithemez.com/i/hubfolio_HTML/inner_pages/assets/imgs/about/testim/avatar3.jpg]
[uithemez.com/i/hubfolio_HTML/inner_pages/assets/imgs/about/clients/1.svg]
[uithemez.com/i/hubfolio_HTML/inner_pages/assets/imgs/about/clients/2.svg]
[uithemez.com/i/hubfolio_HTML/inner_pages/assets/imgs/about/clients/3.svg]
[uithemez.com/i/hubfolio_HTML/inner_pages/assets/imgs/about/clients/4.svg]
[uithemez.com/i/hubfolio_HTML/inner_pages/about.html]
[uithemez.com/i/hubfolio_HTML/inner_pages/assets/imgs/about/clients/5.svg]
[uithemez.com/i/hubfolio_HTML/inner_pages/assets/imgs/blogs/blog1/a1.jpg]
[uithemez.com/i/hubfolio_HTML/inner_pages/assets/imgs/blogs/blog1/1.jpg]
[uithemez.com/i/hubfolio_HTML/inner_pages/assets/imgs/blogs/blog1/2.jpg]
[uithemez.com/i/hubfolio_HTML/inner_pages/assets/imgs/blogs/blog1/a2.jpg]
[uithemez.com/i/hubfolio_HTML/inner_pages/assets/imgs/blogs/blog1/3.jpg]
[uithemez.com/i/hubfolio_HTML/inner_pages/assets/imgs/blogs/blog1/4.jpg]
[uithemez.com/i/hubfolio_HTML/inner_pages/assets/imgs/blogs/blog1/5.jpg]
[uithemez.com/i/hubfolio_HTML/inner_pages/blog-grid.html]
[uithemez.com/i/hubfolio_HTML/inner_pages/contact.html]
[uithemez.com/i/hubfolio_HTML/inner_pages/services.html]
[uithemez.com/i/hubfolio_HTML/inner_pages/assets/imgs/services/img1.jpg]
[uithemez.com/i/hubfolio_HTML/inner_pages/assets/imgs/services/img2.jpg]
[uithemez.com/i/hubfolio_HTML/inner_pages/service-details.html]
[uithemez.com/i/hubfolio_HTML/inner_pages/assets/imgs/team/1.jpg]
[uithemez.com/i/hubfolio_HTML/inner_pages/assets/imgs/team/avatar1.jpg]
[uithemez.com/i/hubfolio_HTML/inner_pages/assets/imgs/team/avatar2.jpg]
[uithemez.com/i/hubfolio_HTML/inner_pages/assets/imgs/team/avatar3.jpg]
[uithemez.com/i/hubfolio_HTML/inner_pages/assets/imgs/team/avatar4.jpg]
[uithemez.com/i/hubfolio_HTML/inner_pages/assets/imgs/team/avatar5.jpg]
[uithemez.com/i/hubfolio_HTML/inner_pages/assets/imgs/team/avatar6.jpg]
[uithemez.com/i/hubfolio_HTML/inner_pages/team.html]
[uithemez.com/i/hubfolio_HTML/inner_pages/assets/imgs/price/testim/Vector_Cricle_Text.svg]
[uithemez.com/i/hubfolio_HTML/inner_pages/assets/imgs/price/testim/vector_quote.svg]
[uithemez.com/i/hubfolio_HTML/inner_pages/assets/imgs/price/testim/avatar1.jpg]
[uithemez.com/i/hubfolio_HTML/inner_pages/assets/imgs/price/testim/avatar2.jpg]
[uithemez.com/i/hubfolio_HTML/inner_pages/assets/imgs/price/testim/avatar3.jpg]
[uithemez.com/i/hubfolio_HTML/inner_pages/assets/imgs/price/clients/1.svg]
[uithemez.com/i/hubfolio_HTML/inner_pages/assets/imgs/price/clients/2.svg]
[uithemez.com/i/hubfolio_HTML/inner_pages/assets/imgs/price/clients/3.svg]
[uithemez.com/i/hubfolio_HTML/inner_pages/assets/imgs/price/clients/4.svg]
[uithemez.com/i/hubfolio_HTML/inner_pages/pricing.html]
[uithemez.com/i/hubfolio_HTML/inner_pages/assets/imgs/price/clients/5.svg]
[uithemez.com/i/hubfolio_HTML/inner_pages/assets/imgs/faqs.jpg]
[uithemez.com/i/hubfolio_HTML/inner_pages/faqs.html]
[uithemez.com/i/hubfolio_HTML/inner_pages/assets/imgs/portfolio/works1/1.jpg]
[uithemez.com/i/hubfolio_HTML/inner_pages/assets/imgs/portfolio/works1/2.jpg]
[uithemez.com/i/hubfolio_HTML/inner_pages/assets/imgs/portfolio/works1/3.jpg]
[uithemez.com/i/hubfolio_HTML/inner_pages/assets/imgs/portfolio/works1/4.jpg]
[uithemez.com/i/hubfolio_HTML/inner_pages/assets/imgs/portfolio/works1/6.jpg]
[uithemez.com/i/hubfolio_HTML/inner_pages/assets/imgs/portfolio/works1/5.jpg]
[uithemez.com/i/hubfolio_HTML/inner_pages/assets/imgs/portfolio/works1/9.jpg]
[uithemez.com/i/hubfolio_HTML/inner_pages/assets/imgs/portfolio/works1/7.jpg]
[uithemez.com/i/hubfolio_HTML/inner_pages/assets/imgs/portfolio/works1/8.jpg]
[uithemez.com/i/hubfolio_HTML/inner_pages/portfolio-standard.html]
[uithemez.com/i/hubfolio_HTML/inner_pages/assets/imgs/portfolio/works2/1.jpg]
[uithemez.com/i/hubfolio_HTML/inner_pages/assets/imgs/portfolio/works2/2.jpg]
[uithemez.com/i/hubfolio_HTML/inner_pages/assets/imgs/portfolio/works2/4.jpg]
[uithemez.com/i/hubfolio_HTML/inner_pages/assets/imgs/portfolio/works2/3.jpg]
[uithemez.com/i/hubfolio_HTML/inner_pages/assets/imgs/portfolio/works2/5.jpg]
[uithemez.com/i/hubfolio_HTML/inner_pages/assets/imgs/portfolio/works2/6.jpg]
[uithemez.com/i/hubfolio_HTML/inner_pages/portfolio-gallery.html]
[uithemez.com/i/hubfolio_HTML/inner_pages/assets/imgs/portfolio/works2/8.jpg]
[uithemez.com/i/hubfolio_HTML/inner_pages/assets/imgs/portfolio/works2/7.jpg]
[uithemez.com/i/hubfolio_HTML/inner_pages/portfolio-layout2.html]
[uithemez.com/i/hubfolio_HTML/inner_pages/portfolio-layout3.html]
[uithemez.com/i/hubfolio_HTML/inner_pages/portfolio-layout4.html]
[uithemez.com/i/hubfolio_HTML/inner_pages/assets/imgs/portfolio/project/2.jpg]
[uithemez.com/i/hubfolio_HTML/inner_pages/assets/imgs/portfolio/project/3.jpg]
[uithemez.com/i/hubfolio_HTML/inner_pages/project-details.html]
[uithemez.com/i/hubfolio_HTML/inner_pages/blog-standard.html]
[uithemez.com/i/hubfolio_HTML/inner_pages/assets/imgs/blogs/post/a1.jpg]
[uithemez.com/i/hubfolio_HTML/inner_pages/assets/imgs/blogs/post/2.jpg]
[uithemez.com/i/hubfolio_HTML/inner_pages/assets/imgs/blogs/post/3.jpg]
[uithemez.com/i/hubfolio_HTML/inner_pages/blog-classic.html]
[uithemez.com/i/hubfolio_HTML/inner_pages/blog-details.html]
[uithemez.com/i/hubfolio_HTML/common/css/plugins/bootstrap.min.css]
[uithemez.com/i/hubfolio_HTML/common/css/plugins/animate.min.css]
[uithemez.com/i/hubfolio_HTML/common/css/plugins/themify-icons.css]
[uithemez.com/i/hubfolio_HTML/common/css/plugins/pe-icon-7-stroke.css]
[uithemez.com/i/hubfolio_HTML/common/css/plugins/fontawesome-all.min.css]
[uithemez.com/i/hubfolio_HTML/common/css/plugins/justifiedGallery.min.css]
[uithemez.com/i/hubfolio_HTML/common/css/plugins/magnific-popup.css]
[uithemez.com/i/hubfolio_HTML/common/css/images/close.png]
[uithemez.com/i/hubfolio_HTML/common/css/plugins/YouTubePopUp.css]
[uithemez.com/i/hubfolio_HTML/common/css/plugins/swiper.min.css]
[uithemez.com/i/hubfolio_HTML/inner_pages/assets/imgs/plus-solid.svg]
[uithemez.com/i/hubfolio_HTML/inner_pages/assets/imgs/minus-solid.svg]
[uithemez.com/i/hubfolio_HTML/inner_pages/assets/imgs/about/testim/Vector_Cricle_Text.svg]
[uithemez.com/i/hubfolio_HTML/inner_pages/assets/imgs/about/testim/vector_quote.svg]
[uithemez.com/i/hubfolio_HTML/inner_pages/assets/imgs/about/clients/1.svg]
[uithemez.com/i/hubfolio_HTML/inner_pages/assets/imgs/about/clients/2.svg]
[uithemez.com/i/hubfolio_HTML/inner_pages/assets/imgs/about/clients/3.svg]
[uithemez.com/i/hubfolio_HTML/inner_pages/assets/imgs/about/clients/4.svg]
[uithemez.com/i/hubfolio_HTML/inner_pages/assets/imgs/about/clients/5.svg]
[uithemez.com/i/hubfolio_HTML/inner_pages/assets/imgs/blogs/blog1/6.jpg]
[uithemez.com/i/hubfolio_HTML/inner_pages/assets/imgs/services/1.jpg]
[uithemez.com/i/hubfolio_HTML/inner_pages/assets/imgs/price/testim/Vector_Cricle_Text.svg]
[uithemez.com/i/hubfolio_HTML/inner_pages/assets/imgs/price/testim/vector_quote.svg]
[uithemez.com/i/hubfolio_HTML/inner_pages/assets/imgs/price/clients/1.svg]
[uithemez.com/i/hubfolio_HTML/inner_pages/assets/imgs/price/clients/2.svg]
[uithemez.com/i/hubfolio_HTML/inner_pages/assets/imgs/price/clients/3.svg]
[uithemez.com/i/hubfolio_HTML/inner_pages/assets/imgs/price/clients/4.svg]
[uithemez.com/i/hubfolio_HTML/inner_pages/assets/imgs/price/clients/5.svg]
[uithemez.com/i/hubfolio_HTML/inner_pages/blog-list.html]
[uithemez.com/i/hubfolio_HTML/inner_pages/blog-classic.html]
[uithemez.com/i/hubfolio_HTML/common/css/images/close.html]
[uithemez.com/i/hubfolio_HTML/inner_pages/assets/imgs/about/s-icon2.svg]
[uithemez.com/i/hubfolio_HTML/inner_pages/assets/imgs/about/s-icon1.svg]
[uithemez.com/i/hubfolio_HTML/inner_pages/assets/imgs/about/s-icon1.svg]
[uithemez.com/i/hubfolio_HTML/inner_pages/assets/imgs/about/s-icon2.svg]
[uithemez.com/i/hubfolio_HTML/inner_pages/blog-list.html]
